{"/Users/gleydsonbrito/Documents/node-genre/index.js": {"path":"/Users/gleydsonbrito/Documents/node-genre/index.js","statementMap":{"0":{"start":{"line":1,"column":16},"end":{"line":1,"column":34}},"1":{"start":{"line":2,"column":16},"end":{"line":2,"column":34}},"2":{"start":{"line":3,"column":12},"end":{"line":3,"column":21}},"3":{"start":{"line":5,"column":0},"end":{"line":5,"column":32}},"4":{"start":{"line":6,"column":0},"end":{"line":6,"column":32}},"5":{"start":{"line":7,"column":0},"end":{"line":7,"column":29}},"6":{"start":{"line":8,"column":0},"end":{"line":8,"column":30}},"7":{"start":{"line":10,"column":13},"end":{"line":10,"column":37}},"8":{"start":{"line":12,"column":15},"end":{"line":12,"column":79}},"9":{"start":{"line":12,"column":39},"end":{"line":12,"column":77}},"10":{"start":{"line":14,"column":0},"end":{"line":14,"column":24}}},"fnMap":{"0":{"name":"(anonymous_0)","decl":{"start":{"line":12,"column":32},"end":{"line":12,"column":33}},"loc":{"start":{"line":12,"column":38},"end":{"line":12,"column":78}},"line":12}},"branchMap":{"0":{"loc":{"start":{"line":10,"column":13},"end":{"line":10,"column":37}},"type":"binary-expr","locations":[{"start":{"line":10,"column":13},"end":{"line":10,"column":29}},{"start":{"line":10,"column":33},"end":{"line":10,"column":37}}],"line":10}},"s":{"0":3,"1":3,"2":3,"3":3,"4":3,"5":3,"6":3,"7":3,"8":3,"9":3,"10":3},"f":{"0":3},"b":{"0":[3,3]},"_coverageSchema":"1a1c01bbd47fc00a2c39e90264f33305004495a9","hash":"cb0f8a65a03a4c47db2c9fb484f562e5421f3179"}
,"/Users/gleydsonbrito/Documents/node-genre/database/mongodb.js": {"path":"/Users/gleydsonbrito/Documents/node-genre/database/mongodb.js","statementMap":{"0":{"start":{"line":1,"column":16},"end":{"line":1,"column":34}},"1":{"start":{"line":2,"column":17},"end":{"line":2,"column":36}},"2":{"start":{"line":3,"column":15},"end":{"line":3,"column":32}},"3":{"start":{"line":5,"column":0},"end":{"line":15,"column":1}},"4":{"start":{"line":6,"column":15},"end":{"line":6,"column":31}},"5":{"start":{"line":7,"column":4},"end":{"line":14,"column":59}},"6":{"start":{"line":14,"column":22},"end":{"line":14,"column":56}}},"fnMap":{"0":{"name":"(anonymous_0)","decl":{"start":{"line":5,"column":17},"end":{"line":5,"column":18}},"loc":{"start":{"line":5,"column":29},"end":{"line":15,"column":1}},"line":5},"1":{"name":"(anonymous_1)","decl":{"start":{"line":14,"column":14},"end":{"line":14,"column":15}},"loc":{"start":{"line":14,"column":20},"end":{"line":14,"column":58}},"line":14}},"branchMap":{},"s":{"0":3,"1":3,"2":3,"3":3,"4":3,"5":3,"6":3},"f":{"0":3,"1":3},"b":{},"_coverageSchema":"1a1c01bbd47fc00a2c39e90264f33305004495a9","hash":"6726c6f4d9c03dcf0c92d5bea769be27b1a0e537"}
,"/Users/gleydsonbrito/Documents/node-genre/middleware/admin.js": {"path":"/Users/gleydsonbrito/Documents/node-genre/middleware/admin.js","statementMap":{"0":{"start":{"line":2,"column":4},"end":{"line":2,"column":100}},"1":{"start":{"line":2,"column":26},"end":{"line":2,"column":100}},"2":{"start":{"line":3,"column":4},"end":{"line":3,"column":11}},"3":{"start":{"line":5,"column":0},"end":{"line":5,"column":25}}},"fnMap":{"0":{"name":"isAdmin","decl":{"start":{"line":1,"column":9},"end":{"line":1,"column":16}},"loc":{"start":{"line":1,"column":32},"end":{"line":4,"column":1}},"line":1}},"branchMap":{"0":{"loc":{"start":{"line":2,"column":4},"end":{"line":2,"column":100}},"type":"if","locations":[{"start":{"line":2,"column":4},"end":{"line":2,"column":100}},{"start":{"line":2,"column":4},"end":{"line":2,"column":100}}],"line":2}},"s":{"0":2,"1":0,"2":2,"3":4},"f":{"0":2},"b":{"0":[0,2]},"_coverageSchema":"1a1c01bbd47fc00a2c39e90264f33305004495a9","hash":"160149b85e0525978ce35671b494800ff823132f"}
,"/Users/gleydsonbrito/Documents/node-genre/middleware/auth.js": {"path":"/Users/gleydsonbrito/Documents/node-genre/middleware/auth.js","statementMap":{"0":{"start":{"line":1,"column":12},"end":{"line":1,"column":35}},"1":{"start":{"line":2,"column":15},"end":{"line":2,"column":32}},"2":{"start":{"line":5,"column":18},"end":{"line":5,"column":44}},"3":{"start":{"line":6,"column":4},"end":{"line":6,"column":83}},"4":{"start":{"line":6,"column":16},"end":{"line":6,"column":83}},"5":{"start":{"line":7,"column":4},"end":{"line":14,"column":5}},"6":{"start":{"line":8,"column":24},"end":{"line":8,"column":70}},"7":{"start":{"line":9,"column":8},"end":{"line":9,"column":27}},"8":{"start":{"line":10,"column":8},"end":{"line":10,"column":15}},"9":{"start":{"line":13,"column":8},"end":{"line":13,"column":76}},"10":{"start":{"line":16,"column":0},"end":{"line":16,"column":22}}},"fnMap":{"0":{"name":"auth","decl":{"start":{"line":4,"column":9},"end":{"line":4,"column":13}},"loc":{"start":{"line":4,"column":30},"end":{"line":15,"column":1}},"line":4}},"branchMap":{"0":{"loc":{"start":{"line":6,"column":4},"end":{"line":6,"column":83}},"type":"if","locations":[{"start":{"line":6,"column":4},"end":{"line":6,"column":83}},{"start":{"line":6,"column":4},"end":{"line":6,"column":83}}],"line":6}},"s":{"0":4,"1":4,"2":19,"3":19,"4":4,"5":15,"6":15,"7":14,"8":14,"9":1,"10":4},"f":{"0":19},"b":{"0":[4,15]},"_coverageSchema":"1a1c01bbd47fc00a2c39e90264f33305004495a9","hash":"9e3a04de254a5bb715e23f086f7250140b07e30f"}
,"/Users/gleydsonbrito/Documents/node-genre/middleware/error.js": {"path":"/Users/gleydsonbrito/Documents/node-genre/middleware/error.js","statementMap":{"0":{"start":{"line":1,"column":16},"end":{"line":1,"column":34}},"1":{"start":{"line":3,"column":0},"end":{"line":6,"column":1}},"2":{"start":{"line":4,"column":4},"end":{"line":4,"column":36}},"3":{"start":{"line":5,"column":4},"end":{"line":5,"column":52}}},"fnMap":{"0":{"name":"(anonymous_0)","decl":{"start":{"line":3,"column":17},"end":{"line":3,"column":18}},"loc":{"start":{"line":3,"column":46},"end":{"line":6,"column":1}},"line":3}},"branchMap":{},"s":{"0":3,"1":3,"2":0,"3":0},"f":{"0":0},"b":{},"_coverageSchema":"1a1c01bbd47fc00a2c39e90264f33305004495a9","hash":"834d7d429e74f08e5969bfc46e9f290dfe0631b9"}
,"/Users/gleydsonbrito/Documents/node-genre/middleware/validateObjectId.js": {"path":"/Users/gleydsonbrito/Documents/node-genre/middleware/validateObjectId.js","statementMap":{"0":{"start":{"line":1,"column":17},"end":{"line":1,"column":36}},"1":{"start":{"line":3,"column":0},"end":{"line":8,"column":1}},"2":{"start":{"line":4,"column":4},"end":{"line":6,"column":5}},"3":{"start":{"line":5,"column":8},"end":{"line":5,"column":61}},"4":{"start":{"line":7,"column":4},"end":{"line":7,"column":11}}},"fnMap":{"0":{"name":"(anonymous_0)","decl":{"start":{"line":3,"column":17},"end":{"line":3,"column":18}},"loc":{"start":{"line":3,"column":41},"end":{"line":8,"column":1}},"line":3}},"branchMap":{"0":{"loc":{"start":{"line":4,"column":4},"end":{"line":6,"column":5}},"type":"if","locations":[{"start":{"line":4,"column":4},"end":{"line":6,"column":5}},{"start":{"line":4,"column":4},"end":{"line":6,"column":5}}],"line":4}},"s":{"0":4,"1":4,"2":7,"3":1,"4":6},"f":{"0":7},"b":{"0":[1,6]},"_coverageSchema":"1a1c01bbd47fc00a2c39e90264f33305004495a9","hash":"b58c52da6f3276655f23150a5be66041275b4d52"}
,"/Users/gleydsonbrito/Documents/node-genre/middleware/validator.js": {"path":"/Users/gleydsonbrito/Documents/node-genre/middleware/validator.js","statementMap":{"0":{"start":{"line":2,"column":0},"end":{"line":8,"column":1}},"1":{"start":{"line":3,"column":4},"end":{"line":7,"column":5}},"2":{"start":{"line":4,"column":26},"end":{"line":4,"column":39}},"3":{"start":{"line":5,"column":8},"end":{"line":5,"column":73}},"4":{"start":{"line":5,"column":19},"end":{"line":5,"column":73}},"5":{"start":{"line":6,"column":8},"end":{"line":6,"column":14}}},"fnMap":{"0":{"name":"(anonymous_0)","decl":{"start":{"line":2,"column":17},"end":{"line":2,"column":18}},"loc":{"start":{"line":2,"column":31},"end":{"line":8,"column":1}},"line":2},"1":{"name":"(anonymous_1)","decl":{"start":{"line":3,"column":11},"end":{"line":3,"column":12}},"loc":{"start":{"line":3,"column":31},"end":{"line":7,"column":5}},"line":3}},"branchMap":{"0":{"loc":{"start":{"line":5,"column":8},"end":{"line":5,"column":73}},"type":"if","locations":[{"start":{"line":5,"column":8},"end":{"line":5,"column":73}},{"start":{"line":5,"column":8},"end":{"line":5,"column":73}}],"line":5}},"s":{"0":3,"1":3,"2":5,"3":5,"4":2,"5":3},"f":{"0":3,"1":5},"b":{"0":[2,3]},"_coverageSchema":"1a1c01bbd47fc00a2c39e90264f33305004495a9","hash":"cb3cf471b20db56c1b3b47e06ca686e10c3e7aae"}
,"/Users/gleydsonbrito/Documents/node-genre/model/customer.js": {"path":"/Users/gleydsonbrito/Documents/node-genre/model/customer.js","statementMap":{"0":{"start":{"line":1,"column":12},"end":{"line":1,"column":32}},"1":{"start":{"line":2,"column":17},"end":{"line":2,"column":36}},"2":{"start":{"line":4,"column":23},"end":{"line":18,"column":2}},"3":{"start":{"line":21,"column":19},"end":{"line":31,"column":6}},"4":{"start":{"line":32,"column":4},"end":{"line":32,"column":37}},"5":{"start":{"line":35,"column":17},"end":{"line":35,"column":59}},"6":{"start":{"line":37,"column":0},"end":{"line":37,"column":28}},"7":{"start":{"line":38,"column":0},"end":{"line":38,"column":40}},"8":{"start":{"line":39,"column":0},"end":{"line":39,"column":44}}},"fnMap":{"0":{"name":"validateCustomer","decl":{"start":{"line":20,"column":9},"end":{"line":20,"column":25}},"loc":{"start":{"line":20,"column":36},"end":{"line":33,"column":1}},"line":20}},"branchMap":{},"s":{"0":3,"1":3,"2":3,"3":0,"4":0,"5":3,"6":3,"7":3,"8":3},"f":{"0":0},"b":{},"_coverageSchema":"1a1c01bbd47fc00a2c39e90264f33305004495a9","hash":"b2d26ab8e49a9d9dcba87b4869d421faa6c44b07"}
,"/Users/gleydsonbrito/Documents/node-genre/model/genre.js": {"path":"/Users/gleydsonbrito/Documents/node-genre/model/genre.js","statementMap":{"0":{"start":{"line":1,"column":12},"end":{"line":1,"column":32}},"1":{"start":{"line":2,"column":17},"end":{"line":2,"column":36}},"2":{"start":{"line":4,"column":20},"end":{"line":12,"column":2}},"3":{"start":{"line":15,"column":19},"end":{"line":20,"column":6}},"4":{"start":{"line":22,"column":4},"end":{"line":22,"column":34}},"5":{"start":{"line":25,"column":14},"end":{"line":25,"column":50}},"6":{"start":{"line":27,"column":0},"end":{"line":27,"column":34}},"7":{"start":{"line":28,"column":0},"end":{"line":28,"column":22}},"8":{"start":{"line":29,"column":0},"end":{"line":29,"column":38}}},"fnMap":{"0":{"name":"validateGenre","decl":{"start":{"line":14,"column":9},"end":{"line":14,"column":22}},"loc":{"start":{"line":14,"column":30},"end":{"line":23,"column":1}},"line":14}},"branchMap":{},"s":{"0":3,"1":3,"2":3,"3":7,"4":7,"5":3,"6":3,"7":3,"8":3},"f":{"0":7},"b":{},"_coverageSchema":"1a1c01bbd47fc00a2c39e90264f33305004495a9","hash":"eb88b681b0ad85ef48126ac8b34584c2824b5c11"}
,"/Users/gleydsonbrito/Documents/node-genre/model/movie.js": {"path":"/Users/gleydsonbrito/Documents/node-genre/model/movie.js","statementMap":{"0":{"start":{"line":1,"column":12},"end":{"line":1,"column":32}},"1":{"start":{"line":2,"column":22},"end":{"line":2,"column":40}},"2":{"start":{"line":3,"column":17},"end":{"line":3,"column":36}},"3":{"start":{"line":5,"column":20},"end":{"line":27,"column":2}},"4":{"start":{"line":30,"column":19},"end":{"line":35,"column":6}},"5":{"start":{"line":37,"column":4},"end":{"line":37,"column":34}},"6":{"start":{"line":40,"column":14},"end":{"line":40,"column":50}},"7":{"start":{"line":42,"column":0},"end":{"line":42,"column":22}},"8":{"start":{"line":43,"column":0},"end":{"line":43,"column":34}},"9":{"start":{"line":44,"column":0},"end":{"line":44,"column":38}}},"fnMap":{"0":{"name":"validateMovie","decl":{"start":{"line":29,"column":9},"end":{"line":29,"column":22}},"loc":{"start":{"line":29,"column":30},"end":{"line":38,"column":1}},"line":29}},"branchMap":{},"s":{"0":3,"1":3,"2":3,"3":3,"4":0,"5":0,"6":3,"7":3,"8":3,"9":3},"f":{"0":0},"b":{},"_coverageSchema":"1a1c01bbd47fc00a2c39e90264f33305004495a9","hash":"5c8614595ee3c04177df35513e19ff01bb4cfb26"}
,"/Users/gleydsonbrito/Documents/node-genre/model/rental.js": {"path":"/Users/gleydsonbrito/Documents/node-genre/model/rental.js","statementMap":{"0":{"start":{"line":1,"column":12},"end":{"line":1,"column":32}},"1":{"start":{"line":2,"column":0},"end":{"line":2,"column":44}},"2":{"start":{"line":3,"column":24},"end":{"line":3,"column":52}},"3":{"start":{"line":4,"column":27},"end":{"line":4,"column":55}},"4":{"start":{"line":5,"column":17},"end":{"line":5,"column":36}},"5":{"start":{"line":7,"column":21},"end":{"line":26,"column":2}},"6":{"start":{"line":28,"column":19},"end":{"line":31,"column":6}},"7":{"start":{"line":32,"column":4},"end":{"line":32,"column":35}},"8":{"start":{"line":35,"column":0},"end":{"line":40,"column":2}},"9":{"start":{"line":36,"column":4},"end":{"line":39,"column":7}},"10":{"start":{"line":42,"column":0},"end":{"line":44,"column":2}},"11":{"start":{"line":43,"column":4},"end":{"line":43,"column":36}},"12":{"start":{"line":46,"column":0},"end":{"line":50,"column":1}},"13":{"start":{"line":47,"column":4},"end":{"line":47,"column":33}},"14":{"start":{"line":48,"column":19},"end":{"line":48,"column":73}},"15":{"start":{"line":49,"column":4},"end":{"line":49,"column":81}},"16":{"start":{"line":52,"column":15},"end":{"line":52,"column":53}},"17":{"start":{"line":54,"column":0},"end":{"line":54,"column":24}},"18":{"start":{"line":55,"column":0},"end":{"line":55,"column":36}},"19":{"start":{"line":56,"column":0},"end":{"line":56,"column":40}}},"fnMap":{"0":{"name":"validateRental","decl":{"start":{"line":27,"column":9},"end":{"line":27,"column":23}},"loc":{"start":{"line":27,"column":32},"end":{"line":33,"column":1}},"line":27},"1":{"name":"(anonymous_1)","decl":{"start":{"line":35,"column":30},"end":{"line":35,"column":31}},"loc":{"start":{"line":35,"column":61},"end":{"line":40,"column":1}},"line":35},"2":{"name":"(anonymous_2)","decl":{"start":{"line":42,"column":42},"end":{"line":42,"column":43}},"loc":{"start":{"line":42,"column":77},"end":{"line":44,"column":1}},"line":42},"3":{"name":"(anonymous_3)","decl":{"start":{"line":46,"column":41},"end":{"line":46,"column":42}},"loc":{"start":{"line":46,"column":53},"end":{"line":50,"column":1}},"line":46}},"branchMap":{},"s":{"0":3,"1":3,"2":3,"3":3,"4":3,"5":3,"6":0,"7":0,"8":3,"9":3,"10":3,"11":1,"12":3,"13":1,"14":1,"15":1,"16":3,"17":3,"18":3,"19":3},"f":{"0":0,"1":3,"2":1,"3":1},"b":{},"_coverageSchema":"1a1c01bbd47fc00a2c39e90264f33305004495a9","hash":"64412fe953665388d490d95bb652cfa14e552bcd"}
,"/Users/gleydsonbrito/Documents/node-genre/model/user.js": {"path":"/Users/gleydsonbrito/Documents/node-genre/model/user.js","statementMap":{"0":{"start":{"line":1,"column":12},"end":{"line":1,"column":35}},"1":{"start":{"line":2,"column":15},"end":{"line":2,"column":32}},"2":{"start":{"line":3,"column":15},"end":{"line":3,"column":34}},"3":{"start":{"line":4,"column":12},"end":{"line":4,"column":32}},"4":{"start":{"line":5,"column":17},"end":{"line":5,"column":36}},"5":{"start":{"line":7,"column":19},"end":{"line":28,"column":2}},"6":{"start":{"line":31,"column":19},"end":{"line":36,"column":6}},"7":{"start":{"line":38,"column":4},"end":{"line":38,"column":33}},"8":{"start":{"line":41,"column":0},"end":{"line":50,"column":3}},"9":{"start":{"line":42,"column":4},"end":{"line":48,"column":5}},"10":{"start":{"line":43,"column":8},"end":{"line":43,"column":61}},"11":{"start":{"line":44,"column":8},"end":{"line":44,"column":15}},"12":{"start":{"line":47,"column":8},"end":{"line":47,"column":32}},"13":{"start":{"line":52,"column":0},"end":{"line":60,"column":1}},"14":{"start":{"line":53,"column":4},"end":{"line":59,"column":5}},"15":{"start":{"line":54,"column":22},"end":{"line":54,"column":107}},"16":{"start":{"line":55,"column":8},"end":{"line":55,"column":21}},"17":{"start":{"line":58,"column":8},"end":{"line":58,"column":32}},"18":{"start":{"line":62,"column":13},"end":{"line":62,"column":47}},"19":{"start":{"line":64,"column":0},"end":{"line":64,"column":32}},"20":{"start":{"line":65,"column":0},"end":{"line":65,"column":20}},"21":{"start":{"line":66,"column":0},"end":{"line":66,"column":36}}},"fnMap":{"0":{"name":"validateUser","decl":{"start":{"line":30,"column":9},"end":{"line":30,"column":21}},"loc":{"start":{"line":30,"column":28},"end":{"line":39,"column":1}},"line":30},"1":{"name":"(anonymous_1)","decl":{"start":{"line":41,"column":23},"end":{"line":41,"column":24}},"loc":{"start":{"line":41,"column":45},"end":{"line":50,"column":1}},"line":41},"2":{"name":"(anonymous_2)","decl":{"start":{"line":52,"column":39},"end":{"line":52,"column":40}},"loc":{"start":{"line":52,"column":57},"end":{"line":60,"column":1}},"line":52}},"branchMap":{},"s":{"0":5,"1":5,"2":5,"3":5,"4":5,"5":5,"6":0,"7":0,"8":5,"9":0,"10":0,"11":0,"12":0,"13":5,"14":20,"15":20,"16":20,"17":0,"18":5,"19":5,"20":5,"21":5},"f":{"0":0,"1":0,"2":20},"b":{},"_coverageSchema":"1a1c01bbd47fc00a2c39e90264f33305004495a9","hash":"2410b42c2345b3d7364496724f76d03f1b9eca6f"}
,"/Users/gleydsonbrito/Documents/node-genre/routes/auth.js": {"path":"/Users/gleydsonbrito/Documents/node-genre/routes/auth.js","statementMap":{"0":{"start":{"line":1,"column":15},"end":{"line":1,"column":34}},"1":{"start":{"line":2,"column":12},"end":{"line":2,"column":32}},"2":{"start":{"line":3,"column":17},"end":{"line":3,"column":41}},"3":{"start":{"line":4,"column":16},"end":{"line":4,"column":34}},"4":{"start":{"line":5,"column":15},"end":{"line":5,"column":31}},"5":{"start":{"line":7,"column":0},"end":{"line":19,"column":3}},"6":{"start":{"line":8,"column":22},"end":{"line":8,"column":40}},"7":{"start":{"line":9,"column":4},"end":{"line":9,"column":69}},"8":{"start":{"line":9,"column":15},"end":{"line":9,"column":69}},"9":{"start":{"line":11,"column":17},"end":{"line":11,"column":91}},"10":{"start":{"line":12,"column":4},"end":{"line":12,"column":76}},"11":{"start":{"line":12,"column":15},"end":{"line":12,"column":76}},"12":{"start":{"line":14,"column":28},"end":{"line":14,"column":82}},"13":{"start":{"line":15,"column":4},"end":{"line":15,"column":87}},"14":{"start":{"line":15,"column":26},"end":{"line":15,"column":87}},"15":{"start":{"line":17,"column":18},"end":{"line":17,"column":48}},"16":{"start":{"line":18,"column":4},"end":{"line":18,"column":50}},"17":{"start":{"line":22,"column":19},"end":{"line":26,"column":6}},"18":{"start":{"line":27,"column":4},"end":{"line":27,"column":32}},"19":{"start":{"line":30,"column":0},"end":{"line":30,"column":24}}},"fnMap":{"0":{"name":"(anonymous_0)","decl":{"start":{"line":7,"column":17},"end":{"line":7,"column":18}},"loc":{"start":{"line":7,"column":37},"end":{"line":19,"column":1}},"line":7},"1":{"name":"validate","decl":{"start":{"line":21,"column":9},"end":{"line":21,"column":17}},"loc":{"start":{"line":21,"column":23},"end":{"line":28,"column":1}},"line":21}},"branchMap":{"0":{"loc":{"start":{"line":9,"column":4},"end":{"line":9,"column":69}},"type":"if","locations":[{"start":{"line":9,"column":4},"end":{"line":9,"column":69}},{"start":{"line":9,"column":4},"end":{"line":9,"column":69}}],"line":9},"1":{"loc":{"start":{"line":12,"column":4},"end":{"line":12,"column":76}},"type":"if","locations":[{"start":{"line":12,"column":4},"end":{"line":12,"column":76}},{"start":{"line":12,"column":4},"end":{"line":12,"column":76}}],"line":12},"2":{"loc":{"start":{"line":15,"column":4},"end":{"line":15,"column":87}},"type":"if","locations":[{"start":{"line":15,"column":4},"end":{"line":15,"column":87}},{"start":{"line":15,"column":4},"end":{"line":15,"column":87}}],"line":15}},"s":{"0":3,"1":3,"2":3,"3":3,"4":3,"5":3,"6":0,"7":0,"8":0,"9":0,"10":0,"11":0,"12":0,"13":0,"14":0,"15":0,"16":0,"17":0,"18":0,"19":3},"f":{"0":0,"1":0},"b":{"0":[0,0],"1":[0,0],"2":[0,0]},"_coverageSchema":"1a1c01bbd47fc00a2c39e90264f33305004495a9","hash":"fce3803c5ea257747c8ae72cb2ab95fbf04337f4"}
,"/Users/gleydsonbrito/Documents/node-genre/routes/customers.js": {"path":"/Users/gleydsonbrito/Documents/node-genre/routes/customers.js","statementMap":{"0":{"start":{"line":1,"column":13},"end":{"line":1,"column":42}},"1":{"start":{"line":2,"column":39},"end":{"line":2,"column":70}},"2":{"start":{"line":3,"column":16},"end":{"line":3,"column":34}},"3":{"start":{"line":4,"column":15},"end":{"line":4,"column":31}},"4":{"start":{"line":6,"column":0},"end":{"line":18,"column":3}},"5":{"start":{"line":7,"column":22},"end":{"line":7,"column":48}},"6":{"start":{"line":8,"column":4},"end":{"line":8,"column":58}},"7":{"start":{"line":8,"column":15},"end":{"line":8,"column":58}},"8":{"start":{"line":10,"column":21},"end":{"line":14,"column":6}},"9":{"start":{"line":16,"column":19},"end":{"line":16,"column":40}},"10":{"start":{"line":17,"column":4},"end":{"line":17,"column":21}},"11":{"start":{"line":20,"column":0},"end":{"line":26,"column":3}},"12":{"start":{"line":21,"column":22},"end":{"line":22,"column":21}},"13":{"start":{"line":24,"column":4},"end":{"line":24,"column":85}},"14":{"start":{"line":24,"column":32},"end":{"line":24,"column":85}},"15":{"start":{"line":25,"column":4},"end":{"line":25,"column":24}},"16":{"start":{"line":28,"column":0},"end":{"line":36,"column":3}},"17":{"start":{"line":29,"column":15},"end":{"line":29,"column":28}},"18":{"start":{"line":30,"column":4},"end":{"line":30,"column":85}},"19":{"start":{"line":30,"column":13},"end":{"line":30,"column":85}},"20":{"start":{"line":32,"column":21},"end":{"line":32,"column":57}},"21":{"start":{"line":33,"column":4},"end":{"line":33,"column":97}},"22":{"start":{"line":33,"column":19},"end":{"line":33,"column":97}},"23":{"start":{"line":35,"column":4},"end":{"line":35,"column":22}},"24":{"start":{"line":39,"column":0},"end":{"line":57,"column":3}},"25":{"start":{"line":40,"column":15},"end":{"line":40,"column":28}},"26":{"start":{"line":41,"column":4},"end":{"line":41,"column":67}},"27":{"start":{"line":41,"column":13},"end":{"line":41,"column":67}},"28":{"start":{"line":43,"column":22},"end":{"line":43,"column":48}},"29":{"start":{"line":44,"column":4},"end":{"line":44,"column":58}},"30":{"start":{"line":44,"column":15},"end":{"line":44,"column":58}},"31":{"start":{"line":46,"column":21},"end":{"line":55,"column":22}},"32":{"start":{"line":56,"column":4},"end":{"line":56,"column":23}},"33":{"start":{"line":59,"column":0},"end":{"line":65,"column":3}},"34":{"start":{"line":60,"column":15},"end":{"line":60,"column":28}},"35":{"start":{"line":61,"column":4},"end":{"line":61,"column":67}},"36":{"start":{"line":61,"column":13},"end":{"line":61,"column":67}},"37":{"start":{"line":63,"column":21},"end":{"line":63,"column":65}},"38":{"start":{"line":64,"column":4},"end":{"line":64,"column":23}},"39":{"start":{"line":67,"column":0},"end":{"line":67,"column":24}}},"fnMap":{"0":{"name":"(anonymous_0)","decl":{"start":{"line":6,"column":17},"end":{"line":6,"column":18}},"loc":{"start":{"line":6,"column":37},"end":{"line":18,"column":1}},"line":6},"1":{"name":"(anonymous_1)","decl":{"start":{"line":20,"column":16},"end":{"line":20,"column":17}},"loc":{"start":{"line":20,"column":36},"end":{"line":26,"column":1}},"line":20},"2":{"name":"(anonymous_2)","decl":{"start":{"line":28,"column":19},"end":{"line":28,"column":20}},"loc":{"start":{"line":28,"column":39},"end":{"line":36,"column":1}},"line":28},"3":{"name":"(anonymous_3)","decl":{"start":{"line":39,"column":25},"end":{"line":39,"column":26}},"loc":{"start":{"line":39,"column":45},"end":{"line":57,"column":1}},"line":39},"4":{"name":"(anonymous_4)","decl":{"start":{"line":59,"column":28},"end":{"line":59,"column":29}},"loc":{"start":{"line":59,"column":48},"end":{"line":65,"column":1}},"line":59}},"branchMap":{"0":{"loc":{"start":{"line":8,"column":4},"end":{"line":8,"column":58}},"type":"if","locations":[{"start":{"line":8,"column":4},"end":{"line":8,"column":58}},{"start":{"line":8,"column":4},"end":{"line":8,"column":58}}],"line":8},"1":{"loc":{"start":{"line":24,"column":4},"end":{"line":24,"column":85}},"type":"if","locations":[{"start":{"line":24,"column":4},"end":{"line":24,"column":85}},{"start":{"line":24,"column":4},"end":{"line":24,"column":85}}],"line":24},"2":{"loc":{"start":{"line":30,"column":4},"end":{"line":30,"column":85}},"type":"if","locations":[{"start":{"line":30,"column":4},"end":{"line":30,"column":85}},{"start":{"line":30,"column":4},"end":{"line":30,"column":85}}],"line":30},"3":{"loc":{"start":{"line":33,"column":4},"end":{"line":33,"column":97}},"type":"if","locations":[{"start":{"line":33,"column":4},"end":{"line":33,"column":97}},{"start":{"line":33,"column":4},"end":{"line":33,"column":97}}],"line":33},"4":{"loc":{"start":{"line":41,"column":4},"end":{"line":41,"column":67}},"type":"if","locations":[{"start":{"line":41,"column":4},"end":{"line":41,"column":67}},{"start":{"line":41,"column":4},"end":{"line":41,"column":67}}],"line":41},"5":{"loc":{"start":{"line":44,"column":4},"end":{"line":44,"column":58}},"type":"if","locations":[{"start":{"line":44,"column":4},"end":{"line":44,"column":58}},{"start":{"line":44,"column":4},"end":{"line":44,"column":58}}],"line":44},"6":{"loc":{"start":{"line":61,"column":4},"end":{"line":61,"column":67}},"type":"if","locations":[{"start":{"line":61,"column":4},"end":{"line":61,"column":67}},{"start":{"line":61,"column":4},"end":{"line":61,"column":67}}],"line":61}},"s":{"0":3,"1":3,"2":3,"3":3,"4":3,"5":0,"6":0,"7":0,"8":0,"9":0,"10":0,"11":3,"12":0,"13":0,"14":0,"15":0,"16":3,"17":0,"18":0,"19":0,"20":0,"21":0,"22":0,"23":0,"24":3,"25":0,"26":0,"27":0,"28":0,"29":0,"30":0,"31":0,"32":0,"33":3,"34":0,"35":0,"36":0,"37":0,"38":0,"39":3},"f":{"0":0,"1":0,"2":0,"3":0,"4":0},"b":{"0":[0,0],"1":[0,0],"2":[0,0],"3":[0,0],"4":[0,0],"5":[0,0],"6":[0,0]},"_coverageSchema":"1a1c01bbd47fc00a2c39e90264f33305004495a9","hash":"5123fc83e2d3c59724da88b2e65b92589554718f"}
,"/Users/gleydsonbrito/Documents/node-genre/routes/genres.js": {"path":"/Users/gleydsonbrito/Documents/node-genre/routes/genres.js","statementMap":{"0":{"start":{"line":1,"column":25},"end":{"line":1,"column":66}},"1":{"start":{"line":2,"column":14},"end":{"line":2,"column":44}},"2":{"start":{"line":3,"column":13},"end":{"line":3,"column":42}},"3":{"start":{"line":4,"column":33},"end":{"line":4,"column":61}},"4":{"start":{"line":5,"column":16},"end":{"line":5,"column":34}},"5":{"start":{"line":6,"column":15},"end":{"line":6,"column":31}},"6":{"start":{"line":8,"column":0},"end":{"line":16,"column":3}},"7":{"start":{"line":9,"column":22},"end":{"line":9,"column":45}},"8":{"start":{"line":10,"column":4},"end":{"line":10,"column":69}},"9":{"start":{"line":10,"column":15},"end":{"line":10,"column":69}},"10":{"start":{"line":12,"column":16},"end":{"line":12,"column":50}},"11":{"start":{"line":14,"column":4},"end":{"line":14,"column":31}},"12":{"start":{"line":15,"column":4},"end":{"line":15,"column":20}},"13":{"start":{"line":18,"column":0},"end":{"line":23,"column":3}},"14":{"start":{"line":19,"column":18},"end":{"line":19,"column":49}},"15":{"start":{"line":21,"column":4},"end":{"line":21,"column":81}},"16":{"start":{"line":21,"column":28},"end":{"line":21,"column":81}},"17":{"start":{"line":22,"column":4},"end":{"line":22,"column":20}},"18":{"start":{"line":25,"column":0},"end":{"line":32,"column":3}},"19":{"start":{"line":26,"column":15},"end":{"line":26,"column":28}},"20":{"start":{"line":28,"column":18},"end":{"line":28,"column":50}},"21":{"start":{"line":29,"column":4},"end":{"line":29,"column":71}},"22":{"start":{"line":29,"column":16},"end":{"line":29,"column":71}},"23":{"start":{"line":31,"column":4},"end":{"line":31,"column":20}},"24":{"start":{"line":35,"column":0},"end":{"line":52,"column":3}},"25":{"start":{"line":36,"column":15},"end":{"line":36,"column":28}},"26":{"start":{"line":39,"column":22},"end":{"line":39,"column":45}},"27":{"start":{"line":40,"column":4},"end":{"line":40,"column":69}},"28":{"start":{"line":40,"column":15},"end":{"line":40,"column":69}},"29":{"start":{"line":42,"column":19},"end":{"line":50,"column":22}},"30":{"start":{"line":51,"column":4},"end":{"line":51,"column":21}},"31":{"start":{"line":54,"column":0},"end":{"line":60,"column":3}},"32":{"start":{"line":55,"column":15},"end":{"line":55,"column":28}},"33":{"start":{"line":58,"column":19},"end":{"line":58,"column":60}},"34":{"start":{"line":59,"column":4},"end":{"line":59,"column":21}},"35":{"start":{"line":62,"column":0},"end":{"line":62,"column":24}}},"fnMap":{"0":{"name":"(anonymous_0)","decl":{"start":{"line":8,"column":23},"end":{"line":8,"column":24}},"loc":{"start":{"line":8,"column":43},"end":{"line":16,"column":1}},"line":8},"1":{"name":"(anonymous_1)","decl":{"start":{"line":18,"column":16},"end":{"line":18,"column":17}},"loc":{"start":{"line":18,"column":42},"end":{"line":23,"column":1}},"line":18},"2":{"name":"(anonymous_2)","decl":{"start":{"line":25,"column":37},"end":{"line":25,"column":38}},"loc":{"start":{"line":25,"column":57},"end":{"line":32,"column":1}},"line":25},"3":{"name":"(anonymous_3)","decl":{"start":{"line":35,"column":45},"end":{"line":35,"column":46}},"loc":{"start":{"line":35,"column":65},"end":{"line":52,"column":1}},"line":35},"4":{"name":"(anonymous_4)","decl":{"start":{"line":54,"column":55},"end":{"line":54,"column":56}},"loc":{"start":{"line":54,"column":75},"end":{"line":60,"column":1}},"line":54}},"branchMap":{"0":{"loc":{"start":{"line":10,"column":4},"end":{"line":10,"column":69}},"type":"if","locations":[{"start":{"line":10,"column":4},"end":{"line":10,"column":69}},{"start":{"line":10,"column":4},"end":{"line":10,"column":69}}],"line":10},"1":{"loc":{"start":{"line":21,"column":4},"end":{"line":21,"column":81}},"type":"if","locations":[{"start":{"line":21,"column":4},"end":{"line":21,"column":81}},{"start":{"line":21,"column":4},"end":{"line":21,"column":81}}],"line":21},"2":{"loc":{"start":{"line":29,"column":4},"end":{"line":29,"column":71}},"type":"if","locations":[{"start":{"line":29,"column":4},"end":{"line":29,"column":71}},{"start":{"line":29,"column":4},"end":{"line":29,"column":71}}],"line":29},"3":{"loc":{"start":{"line":40,"column":4},"end":{"line":40,"column":69}},"type":"if","locations":[{"start":{"line":40,"column":4},"end":{"line":40,"column":69}},{"start":{"line":40,"column":4},"end":{"line":40,"column":69}}],"line":40}},"s":{"0":3,"1":3,"2":3,"3":3,"4":3,"5":3,"6":3,"7":5,"8":5,"9":2,"10":3,"11":3,"12":3,"13":3,"14":2,"15":2,"16":1,"17":1,"18":3,"19":2,"20":2,"21":2,"22":1,"23":1,"24":3,"25":2,"26":2,"27":2,"28":1,"29":1,"30":1,"31":3,"32":1,"33":1,"34":1,"35":3},"f":{"0":5,"1":2,"2":2,"3":2,"4":1},"b":{"0":[2,3],"1":[1,1],"2":[1,1],"3":[1,1]},"_coverageSchema":"1a1c01bbd47fc00a2c39e90264f33305004495a9","hash":"f884c79d2a72a830fd088309c65e1815180c6e52"}
,"/Users/gleydsonbrito/Documents/node-genre/routes/movies.js": {"path":"/Users/gleydsonbrito/Documents/node-genre/routes/movies.js","statementMap":{"0":{"start":{"line":1,"column":13},"end":{"line":1,"column":42}},"1":{"start":{"line":2,"column":18},"end":{"line":2,"column":43}},"2":{"start":{"line":3,"column":33},"end":{"line":3,"column":58}},"3":{"start":{"line":4,"column":16},"end":{"line":4,"column":34}},"4":{"start":{"line":5,"column":15},"end":{"line":5,"column":31}},"5":{"start":{"line":7,"column":0},"end":{"line":28,"column":3}},"6":{"start":{"line":8,"column":22},"end":{"line":8,"column":45}},"7":{"start":{"line":9,"column":4},"end":{"line":9,"column":58}},"8":{"start":{"line":9,"column":15},"end":{"line":9,"column":58}},"9":{"start":{"line":11,"column":63},"end":{"line":11,"column":71}},"10":{"start":{"line":13,"column":18},"end":{"line":13,"column":55}},"11":{"start":{"line":14,"column":4},"end":{"line":14,"column":65}},"12":{"start":{"line":14,"column":16},"end":{"line":14,"column":65}},"13":{"start":{"line":16,"column":18},"end":{"line":24,"column":6}},"14":{"start":{"line":26,"column":19},"end":{"line":26,"column":37}},"15":{"start":{"line":27,"column":4},"end":{"line":27,"column":21}},"16":{"start":{"line":30,"column":0},"end":{"line":35,"column":3}},"17":{"start":{"line":31,"column":19},"end":{"line":31,"column":51}},"18":{"start":{"line":33,"column":4},"end":{"line":33,"column":88}},"19":{"start":{"line":33,"column":29},"end":{"line":33,"column":88}},"20":{"start":{"line":34,"column":4},"end":{"line":34,"column":21}},"21":{"start":{"line":37,"column":0},"end":{"line":45,"column":3}},"22":{"start":{"line":38,"column":15},"end":{"line":38,"column":28}},"23":{"start":{"line":39,"column":4},"end":{"line":39,"column":62}},"24":{"start":{"line":39,"column":13},"end":{"line":39,"column":62}},"25":{"start":{"line":41,"column":18},"end":{"line":41,"column":47}},"26":{"start":{"line":42,"column":4},"end":{"line":42,"column":93}},"27":{"start":{"line":42,"column":16},"end":{"line":42,"column":93}},"28":{"start":{"line":44,"column":4},"end":{"line":44,"column":20}},"29":{"start":{"line":49,"column":0},"end":{"line":73,"column":3}},"30":{"start":{"line":50,"column":15},"end":{"line":50,"column":28}},"31":{"start":{"line":51,"column":63},"end":{"line":51,"column":71}},"32":{"start":{"line":53,"column":22},"end":{"line":53,"column":45}},"33":{"start":{"line":54,"column":4},"end":{"line":54,"column":69}},"34":{"start":{"line":54,"column":15},"end":{"line":54,"column":69}},"35":{"start":{"line":56,"column":18},"end":{"line":56,"column":55}},"36":{"start":{"line":57,"column":4},"end":{"line":57,"column":65}},"37":{"start":{"line":57,"column":16},"end":{"line":57,"column":65}},"38":{"start":{"line":59,"column":18},"end":{"line":71,"column":22}},"39":{"start":{"line":72,"column":4},"end":{"line":72,"column":20}},"40":{"start":{"line":75,"column":0},"end":{"line":81,"column":3}},"41":{"start":{"line":76,"column":15},"end":{"line":76,"column":28}},"42":{"start":{"line":77,"column":4},"end":{"line":77,"column":85}},"43":{"start":{"line":77,"column":13},"end":{"line":77,"column":85}},"44":{"start":{"line":79,"column":18},"end":{"line":79,"column":59}},"45":{"start":{"line":80,"column":4},"end":{"line":80,"column":20}},"46":{"start":{"line":80,"column":21},"end":{"line":80,"column":42}},"47":{"start":{"line":83,"column":0},"end":{"line":83,"column":24}}},"fnMap":{"0":{"name":"(anonymous_0)","decl":{"start":{"line":7,"column":23},"end":{"line":7,"column":24}},"loc":{"start":{"line":7,"column":43},"end":{"line":28,"column":1}},"line":7},"1":{"name":"(anonymous_1)","decl":{"start":{"line":30,"column":16},"end":{"line":30,"column":17}},"loc":{"start":{"line":30,"column":36},"end":{"line":35,"column":1}},"line":30},"2":{"name":"(anonymous_2)","decl":{"start":{"line":37,"column":19},"end":{"line":37,"column":20}},"loc":{"start":{"line":37,"column":39},"end":{"line":45,"column":1}},"line":37},"3":{"name":"(anonymous_3)","decl":{"start":{"line":49,"column":25},"end":{"line":49,"column":26}},"loc":{"start":{"line":49,"column":45},"end":{"line":73,"column":1}},"line":49},"4":{"name":"(anonymous_4)","decl":{"start":{"line":75,"column":28},"end":{"line":75,"column":29}},"loc":{"start":{"line":75,"column":48},"end":{"line":81,"column":1}},"line":75}},"branchMap":{"0":{"loc":{"start":{"line":9,"column":4},"end":{"line":9,"column":58}},"type":"if","locations":[{"start":{"line":9,"column":4},"end":{"line":9,"column":58}},{"start":{"line":9,"column":4},"end":{"line":9,"column":58}}],"line":9},"1":{"loc":{"start":{"line":14,"column":4},"end":{"line":14,"column":65}},"type":"if","locations":[{"start":{"line":14,"column":4},"end":{"line":14,"column":65}},{"start":{"line":14,"column":4},"end":{"line":14,"column":65}}],"line":14},"2":{"loc":{"start":{"line":33,"column":4},"end":{"line":33,"column":88}},"type":"if","locations":[{"start":{"line":33,"column":4},"end":{"line":33,"column":88}},{"start":{"line":33,"column":4},"end":{"line":33,"column":88}}],"line":33},"3":{"loc":{"start":{"line":39,"column":4},"end":{"line":39,"column":62}},"type":"if","locations":[{"start":{"line":39,"column":4},"end":{"line":39,"column":62}},{"start":{"line":39,"column":4},"end":{"line":39,"column":62}}],"line":39},"4":{"loc":{"start":{"line":42,"column":4},"end":{"line":42,"column":93}},"type":"if","locations":[{"start":{"line":42,"column":4},"end":{"line":42,"column":93}},{"start":{"line":42,"column":4},"end":{"line":42,"column":93}}],"line":42},"5":{"loc":{"start":{"line":54,"column":4},"end":{"line":54,"column":69}},"type":"if","locations":[{"start":{"line":54,"column":4},"end":{"line":54,"column":69}},{"start":{"line":54,"column":4},"end":{"line":54,"column":69}}],"line":54},"6":{"loc":{"start":{"line":57,"column":4},"end":{"line":57,"column":65}},"type":"if","locations":[{"start":{"line":57,"column":4},"end":{"line":57,"column":65}},{"start":{"line":57,"column":4},"end":{"line":57,"column":65}}],"line":57},"7":{"loc":{"start":{"line":77,"column":4},"end":{"line":77,"column":85}},"type":"if","locations":[{"start":{"line":77,"column":4},"end":{"line":77,"column":85}},{"start":{"line":77,"column":4},"end":{"line":77,"column":85}}],"line":77}},"s":{"0":3,"1":3,"2":3,"3":3,"4":3,"5":3,"6":0,"7":0,"8":0,"9":0,"10":0,"11":0,"12":0,"13":0,"14":0,"15":0,"16":3,"17":0,"18":0,"19":0,"20":0,"21":3,"22":0,"23":0,"24":0,"25":0,"26":0,"27":0,"28":0,"29":3,"30":0,"31":0,"32":0,"33":0,"34":0,"35":0,"36":0,"37":0,"38":0,"39":0,"40":3,"41":0,"42":0,"43":0,"44":0,"45":0,"46":0,"47":3},"f":{"0":0,"1":0,"2":0,"3":0,"4":0},"b":{"0":[0,0],"1":[0,0],"2":[0,0],"3":[0,0],"4":[0,0],"5":[0,0],"6":[0,0],"7":[0,0]},"_coverageSchema":"1a1c01bbd47fc00a2c39e90264f33305004495a9","hash":"e0b3313fb65d1abe4c8baf14de166330599dfe04"}
,"/Users/gleydsonbrito/Documents/node-genre/routes/rentals.js": {"path":"/Users/gleydsonbrito/Documents/node-genre/routes/rentals.js","statementMap":{"0":{"start":{"line":1,"column":13},"end":{"line":1,"column":42}},"1":{"start":{"line":2,"column":35},"end":{"line":2,"column":61}},"2":{"start":{"line":3,"column":21},"end":{"line":3,"column":49}},"3":{"start":{"line":4,"column":18},"end":{"line":4,"column":43}},"4":{"start":{"line":5,"column":17},"end":{"line":5,"column":36}},"5":{"start":{"line":6,"column":13},"end":{"line":6,"column":28}},"6":{"start":{"line":7,"column":16},"end":{"line":7,"column":34}},"7":{"start":{"line":8,"column":15},"end":{"line":8,"column":31}},"8":{"start":{"line":10,"column":0},"end":{"line":10,"column":20}},"9":{"start":{"line":12,"column":0},"end":{"line":20,"column":3}},"10":{"start":{"line":13,"column":20},"end":{"line":15,"column":23}},"11":{"start":{"line":17,"column":4},"end":{"line":17,"column":86}},"12":{"start":{"line":17,"column":18},"end":{"line":17,"column":86}},"13":{"start":{"line":19,"column":4},"end":{"line":19,"column":22}},"14":{"start":{"line":22,"column":0},"end":{"line":59,"column":3}},"15":{"start":{"line":23,"column":23},"end":{"line":23,"column":42}},"16":{"start":{"line":24,"column":20},"end":{"line":24,"column":36}},"17":{"start":{"line":26,"column":22},"end":{"line":26,"column":46}},"18":{"start":{"line":27,"column":4},"end":{"line":27,"column":69}},"19":{"start":{"line":27,"column":15},"end":{"line":27,"column":69}},"20":{"start":{"line":29,"column":21},"end":{"line":29,"column":64}},"21":{"start":{"line":30,"column":4},"end":{"line":30,"column":77}},"22":{"start":{"line":30,"column":19},"end":{"line":30,"column":77}},"23":{"start":{"line":32,"column":18},"end":{"line":32,"column":55}},"24":{"start":{"line":33,"column":4},"end":{"line":33,"column":85}},"25":{"start":{"line":33,"column":16},"end":{"line":33,"column":85}},"26":{"start":{"line":35,"column":4},"end":{"line":35,"column":101}},"27":{"start":{"line":35,"column":35},"end":{"line":35,"column":101}},"28":{"start":{"line":37,"column":19},"end":{"line":49,"column":6}},"29":{"start":{"line":51,"column":4},"end":{"line":56,"column":15}},"30":{"start":{"line":58,"column":4},"end":{"line":58,"column":21}},"31":{"start":{"line":62,"column":0},"end":{"line":62,"column":24}}},"fnMap":{"0":{"name":"(anonymous_0)","decl":{"start":{"line":12,"column":16},"end":{"line":12,"column":17}},"loc":{"start":{"line":12,"column":36},"end":{"line":20,"column":1}},"line":12},"1":{"name":"(anonymous_1)","decl":{"start":{"line":22,"column":24},"end":{"line":22,"column":25}},"loc":{"start":{"line":22,"column":44},"end":{"line":59,"column":1}},"line":22}},"branchMap":{"0":{"loc":{"start":{"line":17,"column":4},"end":{"line":17,"column":86}},"type":"if","locations":[{"start":{"line":17,"column":4},"end":{"line":17,"column":86}},{"start":{"line":17,"column":4},"end":{"line":17,"column":86}}],"line":17},"1":{"loc":{"start":{"line":27,"column":4},"end":{"line":27,"column":69}},"type":"if","locations":[{"start":{"line":27,"column":4},"end":{"line":27,"column":69}},{"start":{"line":27,"column":4},"end":{"line":27,"column":69}}],"line":27},"2":{"loc":{"start":{"line":30,"column":4},"end":{"line":30,"column":77}},"type":"if","locations":[{"start":{"line":30,"column":4},"end":{"line":30,"column":77}},{"start":{"line":30,"column":4},"end":{"line":30,"column":77}}],"line":30},"3":{"loc":{"start":{"line":33,"column":4},"end":{"line":33,"column":85}},"type":"if","locations":[{"start":{"line":33,"column":4},"end":{"line":33,"column":85}},{"start":{"line":33,"column":4},"end":{"line":33,"column":85}}],"line":33},"4":{"loc":{"start":{"line":35,"column":4},"end":{"line":35,"column":101}},"type":"if","locations":[{"start":{"line":35,"column":4},"end":{"line":35,"column":101}},{"start":{"line":35,"column":4},"end":{"line":35,"column":101}}],"line":35}},"s":{"0":3,"1":3,"2":3,"3":3,"4":3,"5":3,"6":3,"7":3,"8":3,"9":3,"10":0,"11":0,"12":0,"13":0,"14":3,"15":0,"16":0,"17":0,"18":0,"19":0,"20":0,"21":0,"22":0,"23":0,"24":0,"25":0,"26":0,"27":0,"28":0,"29":0,"30":0,"31":3},"f":{"0":0,"1":0},"b":{"0":[0,0],"1":[0,0],"2":[0,0],"3":[0,0],"4":[0,0]},"_coverageSchema":"1a1c01bbd47fc00a2c39e90264f33305004495a9","hash":"997cd743b7089eb929611a35a1f352f66225fc3b"}
,"/Users/gleydsonbrito/Documents/node-genre/routes/returns.js": {"path":"/Users/gleydsonbrito/Documents/node-genre/routes/returns.js","statementMap":{"0":{"start":{"line":1,"column":18},"end":{"line":1,"column":43}},"1":{"start":{"line":2,"column":19},"end":{"line":2,"column":45}},"2":{"start":{"line":3,"column":12},"end":{"line":3,"column":32}},"3":{"start":{"line":4,"column":0},"end":{"line":4,"column":44}},"4":{"start":{"line":5,"column":13},"end":{"line":5,"column":42}},"5":{"start":{"line":6,"column":18},"end":{"line":6,"column":52}},"6":{"start":{"line":7,"column":16},"end":{"line":7,"column":34}},"7":{"start":{"line":8,"column":15},"end":{"line":8,"column":31}},"8":{"start":{"line":10,"column":0},"end":{"line":27,"column":3}},"9":{"start":{"line":11,"column":19},"end":{"line":11,"column":77}},"10":{"start":{"line":13,"column":4},"end":{"line":14,"column":81}},"11":{"start":{"line":14,"column":8},"end":{"line":14,"column":81}},"12":{"start":{"line":16,"column":4},"end":{"line":17,"column":68}},"13":{"start":{"line":17,"column":8},"end":{"line":17,"column":68}},"14":{"start":{"line":19,"column":4},"end":{"line":19,"column":31}},"15":{"start":{"line":20,"column":4},"end":{"line":20,"column":24}},"16":{"start":{"line":22,"column":4},"end":{"line":24,"column":7}},"17":{"start":{"line":26,"column":4},"end":{"line":26,"column":21}},"18":{"start":{"line":30,"column":19},"end":{"line":33,"column":6}},"19":{"start":{"line":34,"column":4},"end":{"line":34,"column":37}},"20":{"start":{"line":37,"column":0},"end":{"line":37,"column":24}}},"fnMap":{"0":{"name":"(anonymous_0)","decl":{"start":{"line":10,"column":53},"end":{"line":10,"column":54}},"loc":{"start":{"line":10,"column":73},"end":{"line":27,"column":1}},"line":10},"1":{"name":"validateReturns","decl":{"start":{"line":29,"column":9},"end":{"line":29,"column":24}},"loc":{"start":{"line":29,"column":30},"end":{"line":35,"column":1}},"line":29}},"branchMap":{"0":{"loc":{"start":{"line":13,"column":4},"end":{"line":14,"column":81}},"type":"if","locations":[{"start":{"line":13,"column":4},"end":{"line":14,"column":81}},{"start":{"line":13,"column":4},"end":{"line":14,"column":81}}],"line":13},"1":{"loc":{"start":{"line":16,"column":4},"end":{"line":17,"column":68}},"type":"if","locations":[{"start":{"line":16,"column":4},"end":{"line":17,"column":68}},{"start":{"line":16,"column":4},"end":{"line":17,"column":68}}],"line":16}},"s":{"0":3,"1":3,"2":3,"3":3,"4":3,"5":3,"6":3,"7":3,"8":3,"9":3,"10":3,"11":1,"12":2,"13":1,"14":1,"15":1,"16":1,"17":1,"18":5,"19":5,"20":3},"f":{"0":3,"1":5},"b":{"0":[1,2],"1":[1,1]},"_coverageSchema":"1a1c01bbd47fc00a2c39e90264f33305004495a9","hash":"be3ab2d06639a3cc2844f0b53ecbc97cc056b207"}
,"/Users/gleydsonbrito/Documents/node-genre/routes/users.js": {"path":"/Users/gleydsonbrito/Documents/node-genre/routes/users.js","statementMap":{"0":{"start":{"line":1,"column":13},"end":{"line":1,"column":42}},"1":{"start":{"line":2,"column":10},"end":{"line":2,"column":27}},"2":{"start":{"line":3,"column":31},"end":{"line":3,"column":55}},"3":{"start":{"line":4,"column":16},"end":{"line":4,"column":34}},"4":{"start":{"line":5,"column":15},"end":{"line":5,"column":31}},"5":{"start":{"line":7,"column":0},"end":{"line":12,"column":3}},"6":{"start":{"line":8,"column":17},"end":{"line":8,"column":58}},"7":{"start":{"line":9,"column":4},"end":{"line":9,"column":68}},"8":{"start":{"line":9,"column":15},"end":{"line":9,"column":68}},"9":{"start":{"line":11,"column":4},"end":{"line":11,"column":19}},"10":{"start":{"line":14,"column":0},"end":{"line":27,"column":3}},"11":{"start":{"line":15,"column":22},"end":{"line":15,"column":44}},"12":{"start":{"line":16,"column":4},"end":{"line":16,"column":64}},"13":{"start":{"line":16,"column":15},"end":{"line":16,"column":64}},"14":{"start":{"line":18,"column":15},"end":{"line":18,"column":60}},"15":{"start":{"line":19,"column":4},"end":{"line":19,"column":71}},"16":{"start":{"line":19,"column":14},"end":{"line":19,"column":71}},"17":{"start":{"line":21,"column":4},"end":{"line":21,"column":80}},"18":{"start":{"line":23,"column":4},"end":{"line":23,"column":22}},"19":{"start":{"line":25,"column":18},"end":{"line":25,"column":48}},"20":{"start":{"line":26,"column":4},"end":{"line":26,"column":87}},"21":{"start":{"line":34,"column":0},"end":{"line":34,"column":24}}},"fnMap":{"0":{"name":"(anonymous_0)","decl":{"start":{"line":7,"column":24},"end":{"line":7,"column":25}},"loc":{"start":{"line":7,"column":44},"end":{"line":12,"column":1}},"line":7},"1":{"name":"(anonymous_1)","decl":{"start":{"line":14,"column":17},"end":{"line":14,"column":18}},"loc":{"start":{"line":14,"column":37},"end":{"line":27,"column":1}},"line":14}},"branchMap":{"0":{"loc":{"start":{"line":9,"column":4},"end":{"line":9,"column":68}},"type":"if","locations":[{"start":{"line":9,"column":4},"end":{"line":9,"column":68}},{"start":{"line":9,"column":4},"end":{"line":9,"column":68}}],"line":9},"1":{"loc":{"start":{"line":16,"column":4},"end":{"line":16,"column":64}},"type":"if","locations":[{"start":{"line":16,"column":4},"end":{"line":16,"column":64}},{"start":{"line":16,"column":4},"end":{"line":16,"column":64}}],"line":16},"2":{"loc":{"start":{"line":19,"column":4},"end":{"line":19,"column":71}},"type":"if","locations":[{"start":{"line":19,"column":4},"end":{"line":19,"column":71}},{"start":{"line":19,"column":4},"end":{"line":19,"column":71}}],"line":19}},"s":{"0":3,"1":3,"2":3,"3":3,"4":3,"5":3,"6":0,"7":0,"8":0,"9":0,"10":3,"11":0,"12":0,"13":0,"14":0,"15":0,"16":0,"17":0,"18":0,"19":0,"20":0,"21":3},"f":{"0":0,"1":0},"b":{"0":[0,0],"1":[0,0],"2":[0,0]},"_coverageSchema":"1a1c01bbd47fc00a2c39e90264f33305004495a9","hash":"7b95f1b7216d726d569f06930200d762b3feb660"}
,"/Users/gleydsonbrito/Documents/node-genre/statup/config.js": {"path":"/Users/gleydsonbrito/Documents/node-genre/statup/config.js","statementMap":{"0":{"start":{"line":1,"column":15},"end":{"line":1,"column":32}},"1":{"start":{"line":3,"column":0},"end":{"line":8,"column":1}},"2":{"start":{"line":5,"column":4},"end":{"line":7,"column":5}},"3":{"start":{"line":6,"column":8},"end":{"line":6,"column":73}}},"fnMap":{"0":{"name":"(anonymous_0)","decl":{"start":{"line":3,"column":17},"end":{"line":3,"column":18}},"loc":{"start":{"line":3,"column":29},"end":{"line":8,"column":1}},"line":3}},"branchMap":{"0":{"loc":{"start":{"line":5,"column":4},"end":{"line":7,"column":5}},"type":"if","locations":[{"start":{"line":5,"column":4},"end":{"line":7,"column":5}},{"start":{"line":5,"column":4},"end":{"line":7,"column":5}}],"line":5}},"s":{"0":3,"1":3,"2":3,"3":0},"f":{"0":3},"b":{"0":[0,3]},"_coverageSchema":"1a1c01bbd47fc00a2c39e90264f33305004495a9","hash":"f09c2860c55c3ab7e284cc577f3df0100fc78646"}
,"/Users/gleydsonbrito/Documents/node-genre/statup/logging.js": {"path":"/Users/gleydsonbrito/Documents/node-genre/statup/logging.js","statementMap":{"0":{"start":{"line":1,"column":0},"end":{"line":1,"column":32}},"1":{"start":{"line":2,"column":16},"end":{"line":2,"column":34}},"2":{"start":{"line":4,"column":0},"end":{"line":16,"column":1}},"3":{"start":{"line":6,"column":4},"end":{"line":8,"column":77}},"4":{"start":{"line":11,"column":4},"end":{"line":13,"column":6}},"5":{"start":{"line":12,"column":8},"end":{"line":12,"column":17}},"6":{"start":{"line":15,"column":4},"end":{"line":15,"column":70}}},"fnMap":{"0":{"name":"(anonymous_0)","decl":{"start":{"line":4,"column":17},"end":{"line":4,"column":18}},"loc":{"start":{"line":4,"column":29},"end":{"line":16,"column":1}},"line":4},"1":{"name":"(anonymous_1)","decl":{"start":{"line":11,"column":36},"end":{"line":11,"column":37}},"loc":{"start":{"line":11,"column":44},"end":{"line":13,"column":5}},"line":11}},"branchMap":{},"s":{"0":3,"1":3,"2":3,"3":3,"4":3,"5":0,"6":3},"f":{"0":3,"1":0},"b":{},"_coverageSchema":"1a1c01bbd47fc00a2c39e90264f33305004495a9","hash":"c1545ea1625026a086541923a9db55a025337d47"}
,"/Users/gleydsonbrito/Documents/node-genre/statup/routes.js": {"path":"/Users/gleydsonbrito/Documents/node-genre/statup/routes.js","statementMap":{"0":{"start":{"line":1,"column":16},"end":{"line":1,"column":34}},"1":{"start":{"line":2,"column":13},"end":{"line":2,"column":38}},"2":{"start":{"line":3,"column":16},"end":{"line":3,"column":44}},"3":{"start":{"line":4,"column":13},"end":{"line":4,"column":39}},"4":{"start":{"line":5,"column":16},"end":{"line":5,"column":44}},"5":{"start":{"line":6,"column":15},"end":{"line":6,"column":42}},"6":{"start":{"line":7,"column":15},"end":{"line":7,"column":42}},"7":{"start":{"line":8,"column":18},"end":{"line":8,"column":48}},"8":{"start":{"line":9,"column":14},"end":{"line":9,"column":44}},"9":{"start":{"line":11,"column":0},"end":{"line":23,"column":1}},"10":{"start":{"line":12,"column":4},"end":{"line":12,"column":28}},"11":{"start":{"line":13,"column":4},"end":{"line":13,"column":52}},"12":{"start":{"line":14,"column":4},"end":{"line":14,"column":35}},"13":{"start":{"line":15,"column":4},"end":{"line":15,"column":41}},"14":{"start":{"line":16,"column":4},"end":{"line":16,"column":35}},"15":{"start":{"line":17,"column":4},"end":{"line":17,"column":37}},"16":{"start":{"line":18,"column":4},"end":{"line":18,"column":32}},"17":{"start":{"line":19,"column":4},"end":{"line":19,"column":31}},"18":{"start":{"line":20,"column":4},"end":{"line":20,"column":37}},"19":{"start":{"line":22,"column":4},"end":{"line":22,"column":19}}},"fnMap":{"0":{"name":"(anonymous_0)","decl":{"start":{"line":11,"column":17},"end":{"line":11,"column":18}},"loc":{"start":{"line":11,"column":32},"end":{"line":23,"column":1}},"line":11}},"branchMap":{},"s":{"0":3,"1":3,"2":3,"3":3,"4":3,"5":3,"6":3,"7":3,"8":3,"9":3,"10":3,"11":3,"12":3,"13":3,"14":3,"15":3,"16":3,"17":3,"18":3,"19":3},"f":{"0":3},"b":{},"_coverageSchema":"1a1c01bbd47fc00a2c39e90264f33305004495a9","hash":"0adbb69abf29c2a035a05e9b2bbe1817e1e2b88b"}
}
