TN:
SF:index.js
FN:12,(anonymous_0)
FNF:1
FNH:1
FNDA:3,(anonymous_0)
DA:1,3
DA:2,3
DA:3,3
DA:5,3
DA:6,3
DA:7,3
DA:8,3
DA:10,3
DA:12,3
DA:14,3
LF:10
LH:10
BRDA:10,0,0,3
BRDA:10,0,1,3
BRF:2
BRH:2
end_of_record
TN:
SF:database/mongodb.js
FN:5,(anonymous_0)
FN:14,(anonymous_1)
FNF:2
FNH:2
FNDA:3,(anonymous_0)
FNDA:3,(anonymous_1)
DA:1,3
DA:2,3
DA:3,3
DA:5,3
DA:6,3
DA:7,3
DA:14,3
LF:7
LH:7
BRF:0
BRH:0
end_of_record
TN:
SF:middleware/admin.js
FN:1,isAdmin
FNF:1
FNH:1
FNDA:2,isAdmin
DA:2,2
DA:3,2
DA:5,4
LF:3
LH:3
BRDA:2,0,0,0
BRDA:2,0,1,2
BRF:2
BRH:1
end_of_record
TN:
SF:middleware/auth.js
FN:4,auth
FNF:1
FNH:1
FNDA:19,auth
DA:1,4
DA:2,4
DA:5,19
DA:6,19
DA:7,15
DA:8,15
DA:9,14
DA:10,14
DA:13,1
DA:16,4
LF:10
LH:10
BRDA:6,0,0,4
BRDA:6,0,1,15
BRF:2
BRH:2
end_of_record
TN:
SF:middleware/error.js
FN:3,(anonymous_0)
FNF:1
FNH:0
FNDA:0,(anonymous_0)
DA:1,3
DA:3,3
DA:4,0
DA:5,0
LF:4
LH:2
BRF:0
BRH:0
end_of_record
TN:
SF:middleware/validateObjectId.js
FN:3,(anonymous_0)
FNF:1
FNH:1
FNDA:7,(anonymous_0)
DA:1,4
DA:3,4
DA:4,7
DA:5,1
DA:7,6
LF:5
LH:5
BRDA:4,0,0,1
BRDA:4,0,1,6
BRF:2
BRH:2
end_of_record
TN:
SF:middleware/validator.js
FN:2,(anonymous_0)
FN:3,(anonymous_1)
FNF:2
FNH:2
FNDA:3,(anonymous_0)
FNDA:5,(anonymous_1)
DA:2,3
DA:3,3
DA:4,5
DA:5,5
DA:6,3
LF:5
LH:5
BRDA:5,0,0,2
BRDA:5,0,1,3
BRF:2
BRH:2
end_of_record
TN:
SF:model/customer.js
FN:20,validateCustomer
FNF:1
FNH:0
FNDA:0,validateCustomer
DA:1,3
DA:2,3
DA:4,3
DA:21,0
DA:32,0
DA:35,3
DA:37,3
DA:38,3
DA:39,3
LF:9
LH:7
BRF:0
BRH:0
end_of_record
TN:
SF:model/genre.js
FN:14,validateGenre
FNF:1
FNH:1
FNDA:7,validateGenre
DA:1,3
DA:2,3
DA:4,3
DA:15,7
DA:22,7
DA:25,3
DA:27,3
DA:28,3
DA:29,3
LF:9
LH:9
BRF:0
BRH:0
end_of_record
TN:
SF:model/movie.js
FN:29,validateMovie
FNF:1
FNH:0
FNDA:0,validateMovie
DA:1,3
DA:2,3
DA:3,3
DA:5,3
DA:30,0
DA:37,0
DA:40,3
DA:42,3
DA:43,3
DA:44,3
LF:10
LH:8
BRF:0
BRH:0
end_of_record
TN:
SF:model/rental.js
FN:27,validateRental
FN:35,(anonymous_1)
FN:42,(anonymous_2)
FN:46,(anonymous_3)
FNF:4
FNH:3
FNDA:0,validateRental
FNDA:3,(anonymous_1)
FNDA:1,(anonymous_2)
FNDA:1,(anonymous_3)
DA:1,3
DA:2,3
DA:3,3
DA:4,3
DA:5,3
DA:7,3
DA:28,0
DA:32,0
DA:35,3
DA:36,3
DA:42,3
DA:43,1
DA:46,3
DA:47,1
DA:48,1
DA:49,1
DA:52,3
DA:54,3
DA:55,3
DA:56,3
LF:20
LH:18
BRF:0
BRH:0
end_of_record
TN:
SF:model/user.js
FN:30,validateUser
FN:41,(anonymous_1)
FN:52,(anonymous_2)
FNF:3
FNH:1
FNDA:0,validateUser
FNDA:0,(anonymous_1)
FNDA:20,(anonymous_2)
DA:1,5
DA:2,5
DA:3,5
DA:4,5
DA:5,5
DA:7,5
DA:31,0
DA:38,0
DA:41,5
DA:42,0
DA:43,0
DA:44,0
DA:47,0
DA:52,5
DA:53,20
DA:54,20
DA:55,20
DA:58,0
DA:62,5
DA:64,5
DA:65,5
DA:66,5
LF:22
LH:15
BRF:0
BRH:0
end_of_record
TN:
SF:routes/auth.js
FN:7,(anonymous_0)
FN:21,validate
FNF:2
FNH:0
FNDA:0,(anonymous_0)
FNDA:0,validate
DA:1,3
DA:2,3
DA:3,3
DA:4,3
DA:5,3
DA:7,3
DA:8,0
DA:9,0
DA:11,0
DA:12,0
DA:14,0
DA:15,0
DA:17,0
DA:18,0
DA:22,0
DA:27,0
DA:30,3
LF:17
LH:7
BRDA:9,0,0,0
BRDA:9,0,1,0
BRDA:12,1,0,0
BRDA:12,1,1,0
BRDA:15,2,0,0
BRDA:15,2,1,0
BRF:6
BRH:0
end_of_record
TN:
SF:routes/customers.js
FN:6,(anonymous_0)
FN:20,(anonymous_1)
FN:28,(anonymous_2)
FN:39,(anonymous_3)
FN:59,(anonymous_4)
FNF:5
FNH:0
FNDA:0,(anonymous_0)
FNDA:0,(anonymous_1)
FNDA:0,(anonymous_2)
FNDA:0,(anonymous_3)
FNDA:0,(anonymous_4)
DA:1,3
DA:2,3
DA:3,3
DA:4,3
DA:6,3
DA:7,0
DA:8,0
DA:10,0
DA:16,0
DA:17,0
DA:20,3
DA:21,0
DA:24,0
DA:25,0
DA:28,3
DA:29,0
DA:30,0
DA:32,0
DA:33,0
DA:35,0
DA:39,3
DA:40,0
DA:41,0
DA:43,0
DA:44,0
DA:46,0
DA:56,0
DA:59,3
DA:60,0
DA:61,0
DA:63,0
DA:64,0
DA:67,3
LF:33
LH:10
BRDA:8,0,0,0
BRDA:8,0,1,0
BRDA:24,1,0,0
BRDA:24,1,1,0
BRDA:30,2,0,0
BRDA:30,2,1,0
BRDA:33,3,0,0
BRDA:33,3,1,0
BRDA:41,4,0,0
BRDA:41,4,1,0
BRDA:44,5,0,0
BRDA:44,5,1,0
BRDA:61,6,0,0
BRDA:61,6,1,0
BRF:14
BRH:0
end_of_record
TN:
SF:routes/genres.js
FN:8,(anonymous_0)
FN:18,(anonymous_1)
FN:25,(anonymous_2)
FN:35,(anonymous_3)
FN:54,(anonymous_4)
FNF:5
FNH:5
FNDA:5,(anonymous_0)
FNDA:2,(anonymous_1)
FNDA:2,(anonymous_2)
FNDA:2,(anonymous_3)
FNDA:1,(anonymous_4)
DA:1,3
DA:2,3
DA:3,3
DA:4,3
DA:5,3
DA:6,3
DA:8,3
DA:9,5
DA:10,5
DA:12,3
DA:14,3
DA:15,3
DA:18,3
DA:19,2
DA:21,2
DA:22,1
DA:25,3
DA:26,2
DA:28,2
DA:29,2
DA:31,1
DA:35,3
DA:36,2
DA:39,2
DA:40,2
DA:42,1
DA:51,1
DA:54,3
DA:55,1
DA:58,1
DA:59,1
DA:62,3
LF:32
LH:32
BRDA:10,0,0,2
BRDA:10,0,1,3
BRDA:21,1,0,1
BRDA:21,1,1,1
BRDA:29,2,0,1
BRDA:29,2,1,1
BRDA:40,3,0,1
BRDA:40,3,1,1
BRF:8
BRH:8
end_of_record
TN:
SF:routes/movies.js
FN:7,(anonymous_0)
FN:30,(anonymous_1)
FN:37,(anonymous_2)
FN:49,(anonymous_3)
FN:75,(anonymous_4)
FNF:5
FNH:0
FNDA:0,(anonymous_0)
FNDA:0,(anonymous_1)
FNDA:0,(anonymous_2)
FNDA:0,(anonymous_3)
FNDA:0,(anonymous_4)
DA:1,3
DA:2,3
DA:3,3
DA:4,3
DA:5,3
DA:7,3
DA:8,0
DA:9,0
DA:11,0
DA:13,0
DA:14,0
DA:16,0
DA:26,0
DA:27,0
DA:30,3
DA:31,0
DA:33,0
DA:34,0
DA:37,3
DA:38,0
DA:39,0
DA:41,0
DA:42,0
DA:44,0
DA:49,3
DA:50,0
DA:51,0
DA:53,0
DA:54,0
DA:56,0
DA:57,0
DA:59,0
DA:72,0
DA:75,3
DA:76,0
DA:77,0
DA:79,0
DA:80,0
DA:83,3
LF:39
LH:11
BRDA:9,0,0,0
BRDA:9,0,1,0
BRDA:14,1,0,0
BRDA:14,1,1,0
BRDA:33,2,0,0
BRDA:33,2,1,0
BRDA:39,3,0,0
BRDA:39,3,1,0
BRDA:42,4,0,0
BRDA:42,4,1,0
BRDA:54,5,0,0
BRDA:54,5,1,0
BRDA:57,6,0,0
BRDA:57,6,1,0
BRDA:77,7,0,0
BRDA:77,7,1,0
BRF:16
BRH:0
end_of_record
TN:
SF:routes/rentals.js
FN:12,(anonymous_0)
FN:22,(anonymous_1)
FNF:2
FNH:0
FNDA:0,(anonymous_0)
FNDA:0,(anonymous_1)
DA:1,3
DA:2,3
DA:3,3
DA:4,3
DA:5,3
DA:6,3
DA:7,3
DA:8,3
DA:10,3
DA:12,3
DA:13,0
DA:17,0
DA:19,0
DA:22,3
DA:23,0
DA:24,0
DA:26,0
DA:27,0
DA:29,0
DA:30,0
DA:32,0
DA:33,0
DA:35,0
DA:37,0
DA:51,0
DA:58,0
DA:62,3
LF:27
LH:12
BRDA:17,0,0,0
BRDA:17,0,1,0
BRDA:27,1,0,0
BRDA:27,1,1,0
BRDA:30,2,0,0
BRDA:30,2,1,0
BRDA:33,3,0,0
BRDA:33,3,1,0
BRDA:35,4,0,0
BRDA:35,4,1,0
BRF:10
BRH:0
end_of_record
TN:
SF:routes/returns.js
FN:10,(anonymous_0)
FN:29,validateReturns
FNF:2
FNH:2
FNDA:3,(anonymous_0)
FNDA:5,validateReturns
DA:1,3
DA:2,3
DA:3,3
DA:4,3
DA:5,3
DA:6,3
DA:7,3
DA:8,3
DA:10,3
DA:11,3
DA:13,3
DA:14,1
DA:16,2
DA:17,1
DA:19,1
DA:20,1
DA:22,1
DA:26,1
DA:30,5
DA:34,5
DA:37,3
LF:21
LH:21
BRDA:13,0,0,1
BRDA:13,0,1,2
BRDA:16,1,0,1
BRDA:16,1,1,1
BRF:4
BRH:4
end_of_record
TN:
SF:routes/users.js
FN:7,(anonymous_0)
FN:14,(anonymous_1)
FNF:2
FNH:0
FNDA:0,(anonymous_0)
FNDA:0,(anonymous_1)
DA:1,3
DA:2,3
DA:3,3
DA:4,3
DA:5,3
DA:7,3
DA:8,0
DA:9,0
DA:11,0
DA:14,3
DA:15,0
DA:16,0
DA:18,0
DA:19,0
DA:21,0
DA:23,0
DA:25,0
DA:26,0
DA:34,3
LF:19
LH:8
BRDA:9,0,0,0
BRDA:9,0,1,0
BRDA:16,1,0,0
BRDA:16,1,1,0
BRDA:19,2,0,0
BRDA:19,2,1,0
BRF:6
BRH:0
end_of_record
TN:
SF:statup/config.js
FN:3,(anonymous_0)
FNF:1
FNH:1
FNDA:3,(anonymous_0)
DA:1,3
DA:3,3
DA:5,3
DA:6,0
LF:4
LH:3
BRDA:5,0,0,0
BRDA:5,0,1,3
BRF:2
BRH:1
end_of_record
TN:
SF:statup/logging.js
FN:4,(anonymous_0)
FN:11,(anonymous_1)
FNF:2
FNH:1
FNDA:3,(anonymous_0)
FNDA:0,(anonymous_1)
DA:1,3
DA:2,3
DA:4,3
DA:6,3
DA:11,3
DA:12,0
DA:15,3
LF:7
LH:6
BRF:0
BRH:0
end_of_record
TN:
SF:statup/routes.js
FN:11,(anonymous_0)
FNF:1
FNH:1
FNDA:3,(anonymous_0)
DA:1,3
DA:2,3
DA:3,3
DA:4,3
DA:5,3
DA:6,3
DA:7,3
DA:8,3
DA:9,3
DA:11,3
DA:12,3
DA:13,3
DA:14,3
DA:15,3
DA:16,3
DA:17,3
DA:18,3
DA:19,3
DA:20,3
DA:22,3
LF:20
LH:20
BRF:0
BRH:0
end_of_record
